<?xml version="1.0" encoding="UTF-8"?>
<testng-results ignored="0" total="1" passed="1" failed="0" skipped="0">
  <reporter-output>
  </reporter-output>
  <suite started-at="2018-09-20T12:02:24Z" name="Default suite" finished-at="2018-09-20T12:02:26Z" duration-ms="2075">
    <groups>
    </groups>
    <test started-at="2018-09-20T12:02:24Z" name="Default test" finished-at="2018-09-20T12:02:26Z" duration-ms="2075">
      <class name="ClarifaiMultipleImages">
        <test-method signature="MultipleImages()[pri:0, instance:ClarifaiMultipleImages@71e9ddb4]" started-at="2018-09-20T12:02:24Z" name="MultipleImages" finished-at="2018-09-20T12:02:26Z" duration-ms="2047" status="PASS">
          <reporter-output>
          </reporter-output>
        </test-method> <!-- MultipleImages -->
      </class> <!-- ClarifaiMultipleImages -->
    </test> <!-- Default test -->
  </suite> <!-- Default suite -->
</testng-results>
